games/android-game-2026-03-16/app/proguard-rules.pro
# Gravity Well ProGuard Rules

# Jetpack Compose
-dontwarn androidx.compose.**
-keep class androidx.compose.** { *; }

# Keep data classes used in game state
-keep class com.gravitywell.game.game.** { *; }