games/android-game-2026-03-16/app/build/outputs/mapping/release/seeds.txt
com.gravitywell.game.game.GameScreenKt$GameScreen$3$1$1
com.gravitywell.game.game.GameStateKt$WhenMappings
com.gravitywell.game.game.StarColor
com.gravitywell.game.game.GamePhase
com.gravitywell.game.MainActivity
com.gravitywell.game.game.GameRenderer$WhenMappings
com.gravitywell.game.game.GameScreenKt$GameScreen$3$5$1
com.gravitywell.game.game.TargetZone
com.gravitywell.game.game.GameScreenKt$OverlayButton$2
com.gravitywell.game.game.GameStateKt
com.gravitywell.game.game.MenuScreenKt$MenuScreen$1$1$now$1
com.gravitywell.game.game.GameRenderer
com.gravitywell.game.game.GameScreenKt$GameScreen$1
com.gravitywell.game.game.MenuScreenKt
com.gravitywell.game.game.GameScreenKt$GameScreen$3$6$1
com.gravitywell.game.game.Star
com.gravitywell.game.game.MenuScreenKt$MenuScreen$1$1$last$1
com.gravitywell.game.game.MenuScreenKt$MenuScreen$1$1
com.gravitywell.game.game.GameLogic
com.gravitywell.game.game.GameScreenKt$GameScreen$3$3$1
com.gravitywell.game.game.GameScreenKt$GameScreen$4
com.gravitywell.game.game.GameScreenKt
com.gravitywell.game.game.GameScreenKt$GameScreen$1$frameTime$1
com.gravitywell.game.game.GameScreenKt$GameScreen$2$1
com.gravitywell.game.game.GameScreenKt$GameScreen$3$2$1
com.gravitywell.game.game.GameLogic$WhenMappings
com.gravitywell.game.game.GameState
com.gravitywell.game.game.GameScreenKt$GameScreen$3$1$1$1
com.gravitywell.game.game.WellMode
com.gravitywell.game.game.MenuScreenKt$MenuScreen$3
com.gravitywell.game.game.GameScreenKt$GameScreen$1$lastTime$1
com.gravitywell.game.game.MenuScreenKt$MenuScreen$2$1$1
com.gravitywell.game.game.GameScreenKt$GameOverOverlay$2
com.gravitywell.game.game.GravityWell
com.gravitywell.game.game.GameScreenKt$LevelCompleteOverlay$2
com.gravitywell.game.game.CatchEffect
com.gravitywell.game.game.GameScreenKt$GameOverOverlay$2: int $$changed
com.gravitywell.game.game.GravityWell: int id
com.gravitywell.game.game.GameScreenKt$GameScreen$4: kotlin.jvm.functions.Function0 $onBack
com.gravitywell.game.game.GameState: int starsSpawned
com.gravitywell.game.game.GameLogic: float SLOW_MO_FACTOR
com.gravitywell.game.game.GameScreenKt$LevelCompleteOverlay$2: int $$changed
com.gravitywell.game.game.GameScreenKt$OverlayButton$2: long $color
com.gravitywell.game.game.GameLogic: float SHAKE_DECAY
com.gravitywell.game.game.GameLogic: float SLOW_MO_DURATION
com.gravitywell.game.game.GamePhase: com.gravitywell.game.game.GamePhase GAME_OVER
com.gravitywell.game.game.CatchEffect: int combo
com.gravitywell.game.game.MenuScreenKt$MenuScreen$2$1$1: androidx.compose.runtime.MutableFloatState $time$delegate
com.gravitywell.game.game.GameState: float slowMotionTimer
com.gravitywell.game.game.GamePhase: kotlin.enums.EnumEntries $ENTRIES
com.gravitywell.game.game.Star: java.util.List trail
com.gravitywell.game.game.GameScreenKt$GameScreen$3$2$1: androidx.compose.runtime.MutableState $gameState$delegate
com.gravitywell.game.game.StarColor: com.gravitywell.game.game.StarColor GOLD
com.gravitywell.game.game.GameRenderer: long starGold
com.gravitywell.game.game.GameLogic: int MAX_TRAILS
com.gravitywell.game.game.GameScreenKt$GameScreen$3$3$1: androidx.compose.runtime.MutableState $gameState$delegate
com.gravitywell.game.game.GameState: int starsCaught
com.gravitywell.game.game.MenuScreenKt$MenuScreen$3: kotlin.jvm.functions.Function0 $onPlay
com.gravitywell.game.game.GameState: float screenWidth
com.gravitywell.game.game.GameScreenKt$GameScreen$1: int label
com.gravitywell.game.game.GameScreenKt$LevelCompleteOverlay$2: kotlin.jvm.functions.Function0 $onNext
com.gravitywell.game.game.GamePhase: com.gravitywell.game.game.GamePhase[] $VALUES
com.gravitywell.game.game.GameRenderer: long targetPink
com.gravitywell.game.game.CatchEffect: int $stable
com.gravitywell.game.game.Star: com.gravitywell.game.game.StarColor color
com.gravitywell.game.game.GameState: java.util.List stars
com.gravitywell.game.game.GameScreenKt$GameOverOverlay$2: kotlin.jvm.functions.Function0 $onMenu
...
androidx.compose.ui.layout.LayoutIdElement: androidx.compose.ui.layout.LayoutIdElement copy(java.lang.Object)
androidx.compose.material3.DateRangeInputKt$DateRangeInputContent$1$5$1: DateRangeInputKt$DateRangeInputContent$1$5$1()
androidx.compose.material3.DrawerState$Companion$Saver$2: DrawerState$Companion$Saver$2(kotlin.jvm.functions.Function1)
androidx.compose.runtime.saveable.SaveableStateRegistryKt$LocalSaveableStateRegistry$1: androidx.compose.runtime.saveable.SaveableStateRegistry invoke()
androidx.compose.ui.text.platform.Synchronization_jvmKt: androidx.compose.ui.text.platform.SynchronizedObject createSynchronizedObject()
androidx.compose.ui.graphics.drawscope.ContentDrawScope$DefaultImpls: float toDp-u2uoSUM(androidx.compose.ui.graphics.drawscope.ContentDrawScope,float)
androidx.compose.ui.text.font.FontStyle: boolean equals-impl0(int,int)
androidx.compose.material3.TabRowKt$ScrollableTabRow$3: java.lang.Object invoke(java.lang.Object,java.lang.Object)
androidx.compose.material3.internal.ExposedDropdownMenuPopupKt$ExposedDropdownMenuPopup$1: ExposedDropdownMenuPopupKt$ExposedDropdownMenuPopup$1(androidx.compose.material3.internal.PopupLayout,kotlin.jvm.functions.Function0,java.lang.String,androidx.compose.ui.unit.LayoutDirection)
androidx.compose.foundation.gestures.TapGestureDetectorKt: java.lang.Object detectTapAndPress(androidx.compose.ui.input.pointer.PointerInputScope,kotlin.jvm.functions.Function3,kotlin.jvm.functions.Function1,kotlin.coroutines.Continuation)
androidx.core.view.accessibility.AccessibilityNodeInfoCompat$Api34Impl: boolean hasRequestInitialAccessibilityFocus(android.view.accessibility.AccessibilityNodeInfo)
androidx.compose.ui.input.pointer.PointerEventPass: androidx.compose.ui.input.pointer.PointerEventPass[] $values()
androidx.compose.foundation.lazy.layout.LazyLayoutSemanticsKt$lazyLayoutSemantics$1$scrollByAction$1$1: java.lang.Object invoke(java.lang.Object,java.lang.Object)
androidx.compose.material3.BottomSheetScaffoldKt: androidx.compose.material3.SheetState rememberStandardBottomSheetState(androidx.compose.material3.SheetValue,kotlin.jvm.functions.Function1,boolean,androidx.compose.runtime.Composer,int,int)
androidx.compose.ui.text.Placeholder: long getHeight-XSAIIZE()
androidx.compose.ui.input.nestedscroll.NestedScrollSource: java.lang.String toString-impl(int)
androidx.compose.ui.node.LayoutModifierNodeKt: void requestRemeasure(androidx.compose.ui.node.LayoutModifierNode)
androidx.compose.ui.ZIndexModifierKt: androidx.compose.ui.Modifier zIndex(androidx.compose.ui.Modifier,float)
androidx.compose.foundation.text.TextFieldScrollKt$textFieldScrollable$$inlined$debugInspectorInfo$1: void invoke(androidx.compose.ui.platform.InspectorInfo)
androidx.compose.animation.AnimatedContentTransitionScopeImpl$ChildData: int hashCode()
androidx.compose.ui.text.font.FontSynthesis$Companion: FontSynthesis$Companion()
androidx.compose.material3.SearchBarKt$SearchBarInputField$5: void invoke(kotlin.jvm.functions.Function2,androidx.compose.runtime.Composer,int)
androidx.compose.ui.graphics.ColorMatrix: void setToScale-impl(float[],float,float,float,float)
androidx.compose.ui.input.pointer.PointerInputChange: int getType-T8wyACA()
androidx.lifecycle.ReportFragment: ReportFragment()
androidx.core.text.TextUtilsCompat$Api17Impl: int getLayoutDirectionFromLocale(java.util.Locale)
androidx.compose.foundation.lazy.grid.LazyGridInterval: kotlin.jvm.functions.Function1 getType()
androidx.compose.material3.SwipeableV2State$minOffset$2: java.lang.Object invoke()
androidx.compose.runtime.DerivedSnapshotState$ResultRecord: boolean isValid(androidx.compose.runtime.DerivedState,androidx.compose.runtime.snapshots.Snapshot)