games/android-game-2026-03-16/app/build/outputs/mapping/release/mapping.txt
# compiler: R8
# compiler_version: 8.2.47
# min_api: 24
# common_typos_disable
# {"id":"com.android.tools.r8.mapping","version":"2.2"}
# pg_map_id: 498b8ef
# pg_map_hash: SHA-256 498b8ef43a68912ffda694ea1c8d50018c5e50b7c790cefcf18bdd9c7b108a31
com.gravitywell.game.ComposableSingletons$MainActivityKt -> i0.c:
# {"id":"sourceFile","fileName":"MainActivity.kt"}
    kotlin.jvm.functions.Function2 lambda-1 -> a
      # {"id":"com.android.tools.r8.residualsignature","signature":"Landroidx/compose/runtime/internal/ComposableLambda;"}
    1:1:void <clinit>():0:0 -> <clinit>
com.gravitywell.game.ComposableSingletons$MainActivityKt$lambda-1$1 -> i0.b:
# {"id":"sourceFile","fileName":"MainActivity.kt"}
    com.gravitywell.game.ComposableSingletons$MainActivityKt$lambda-1$1 INSTANCE -> e
      # {"id":"com.android.tools.r8.residualsignature","signature":"Li0/b;"}
    4:9:void com.gravitywell.game.ComposableSingletons$MainActivityKt$lambda-1$1.<init>():0:0 -> <clinit>
    4:9:void <clinit>():0 -> <clinit>
    14:73:void com.gravitywell.game.ComposableSingletons$MainActivityKt$lambda-1$1.invoke(androidx.compose.runtime.Composer,int):0:0 -> invoke
    14:73:java.lang.Object invoke(java.lang.Object,java.lang.Object):0 -> invoke
    74:92:boolean com.gravitywell.game.ComposableSingletons$MainActivityKt$lambda-1$1.invoke$lambda$1(androidx.compose.runtime.MutableState):0:0 -> invoke
    74:92:void com.gravitywell.game.ComposableSingletons$MainActivityKt$lambda-1$1.invoke(androidx.compose.runtime.Composer,int):0 -> invoke
    74:92:java.lang.Object invoke(java.lang.Object,java.lang.Object):0 -> invoke
    93:96:java.lang.Object invoke(java.lang.Object,java.lang.Object):0:0 -> invoke
      # {"id":"com.android.tools.r8.outlineCallsite","positions":{"1":170,"4":172,"7":175},"outline":"Landroidx/compose/animation/a;o(Landroidx/compose/runtime/Composer;II)Ljava/lang/Object;"}
    97:129:void com.gravitywell.game.ComposableSingletons$MainActivityKt$lambda-1$1.invoke(androidx.compose.runtime.Composer,int):0:0 -> invoke
com.gravitywell.game.ComposableSingletons$MainActivityKt$lambda-1$1$1$1 -> i0.a:
# {"id":"sourceFile","fileName":"MainActivity.kt"}
    int $r8$classId -> e
      # {"id":"com.android.tools.r8.synthesized"}
    androidx.compose.runtime.MutableState $showGame$delegate -> f
    6:9:void com.gravitywell.game.ComposableSingletons$MainActivityKt$lambda-1$1$1$1.<init>(androidx.compose.runtime.MutableState):0:0 -> <init>
    6:9:void $r8$init$synthetic(androidx.compose.runtime.MutableState,int):0 -> <init>
      # {"id":"com.android.tools.r8.synthesized"}
    15:20:void com.gravitywell.game.ComposableSingletons$MainActivityKt$lambda-1$1.invoke$lambda$2(androidx.compose.runtime.MutableState,boolean):0:0 -> invoke
    15:20:void com.gravitywell.game.ComposableSingletons$MainActivityKt$lambda-1$1.access$invoke$lambda$2(androidx.compose.runtime.MutableState,boolean):0 -> invoke
    15:20:void com.gravitywell.game.ComposableSingletons$MainActivityKt$lambda-1$1$2$1.invoke():0 -> invoke
    15:20:java.lang.Object com.gravitywell.game.ComposableSingletons$MainActivityKt$lambda-1$1$2$1.invoke():0 -> invoke
    15:20:java.lang.Object invoke$bridge():0 -> invoke
      # {"id":"com.android.tools.r8.synthesized"}
    21:29:void com.gravitywell.game.ComposableSingletons$MainActivityKt$lambda-1$1.invoke$lambda$2(androidx.compose.runtime.MutableState,boolean):0:0 -> invoke
com.gravitywell.game.ComposableSingletons$MainActivityKt$lambda-1$1$2$1 -> R8$$REMOVED$$CLASS$$115:
# {"id":"sourceFile","fileName":"MainActivity.kt"}
...
androidx.compose.foundation.text2.BasicTextField2Kt$TextFieldSelectionHandles$4 -> androidx.compose.foundation.text2.BasicTextField2Kt$TextFieldSelectionHandles$4:
# {"id":"sourceFile","fileName":"BasicTextField2.kt"}
    1:1:void <init>(androidx.compose.foundation.text2.input.internal.selection.TextFieldSelectionState,kotlin.coroutines.Continuation):0:0 -> <init>
      # {"id":"com.android.tools.r8.residualsignature","signature":"(Landroidx/compose/foundation/text2/input/internal/selection/TextFieldSelectionState;Lm0/e;)V"}
    1:1:kotlin.coroutines.Continuation create(java.lang.Object,kotlin.coroutines.Continuation):0:0 -> create
      # {"id":"com.android.tools.r8.residualsignature","signature":"(Ljava/lang/Object;Lm0/e;)Lm0/e;"}
    1:1:java.lang.Object invoke(androidx.compose.ui.input.pointer.PointerInputScope,kotlin.coroutines.Continuation):0:0 -> invoke
      # {"id":"com.android.tools.r8.residualsignature","signature":"(Landroidx/compose/ui/input/pointer/PointerInputScope;Lm0/e;)Ljava/lang/Object;"}
    2:2:java.lang.Object invoke(java.lang.Object,java.lang.Object):0:0 -> invoke
androidx.compose.foundation.text2.BasicTextField2Kt$TextFieldSelectionHandles$5 -> androidx.compose.foundation.text2.BasicTextField2Kt$TextFieldSelectionHandles$5:
# {"id":"sourceFile","fileName":"BasicTextField2.kt"}
    1:1:java.lang.Object invoke(java.lang.Object,java.lang.Object):0:0 -> invoke
    2:2:void invoke(androidx.compose.runtime.Composer,int):0:0 -> invoke
androidx.compose.foundation.text2.PasswordRevealFilter -> androidx.compose.foundation.text2.PasswordRevealFilter:
# {"id":"sourceFile","fileName":"BasicSecureTextField.kt"}
    kotlin.jvm.functions.Function0 scheduleHide -> scheduleHide
      # {"id":"com.android.tools.r8.residualsignature","signature":"Lt0/a;"}
    1:1:void <init>(kotlin.jvm.functions.Function0):0:0 -> <init>
      # {"id":"com.android.tools.r8.residualsignature","signature":"(Lt0/a;)V"}
    1:1:kotlin.jvm.functions.Function0 getScheduleHide():0:0 -> getScheduleHide
      # {"id":"com.android.tools.r8.residualsignature","signature":"()Lt0/a;"}
androidx.compose.foundation.text2.SecureTextFieldController -> androidx.compose.foundation.text2.SecureTextFieldController:
# {"id":"sourceFile","fileName":"BasicSecureTextField.kt"}
    kotlinx.coroutines.channels.Channel resetTimerSignal -> resetTimerSignal
      # {"id":"com.android.tools.r8.residualsignature","signature":"Le1/f;"}
    1:1:void <init>(kotlinx.coroutines.CoroutineScope):0:0 -> <init>
      # {"id":"com.android.tools.r8.residualsignature","signature":"(Lc1/a0;)V"}
    1:1:int $r8$lambda$JDHwJGK0WxsHSLLESGlQFDEcesc(androidx.compose.foundation.text2.SecureTextFieldController,int,int):0:0 -> a
      # {"id":"com.android.tools.r8.synthesized"}
    1:1:kotlinx.coroutines.channels.Channel access$getResetTimerSignal$p(androidx.compose.foundation.text2.SecureTextFieldController):0:0 -> access$getResetTimerSignal$p
      # {"id":"com.android.tools.r8.residualsignature","signature":"(Landroidx/compose/foundation/text2/SecureTextFieldController;)Le1/f;"}
    9:16:boolean kotlinx.coroutines.channels.ChannelResult.isSuccess-impl(java.lang.Object):0:0 -> scheduleHide
    9:16:void scheduleHide():0 -> scheduleHide
    17:20:void scheduleHide():0:0 -> scheduleHide