games/android-game-2026-03-16/app/build/outputs/mapping/release/usage.txt
com.gravitywell.game.MainActivity:
    public static final int $stable
com.gravitywell.game.R$color
com.gravitywell.game.R$drawable
com.gravitywell.game.R$mipmap
com.gravitywell.game.R$string
com.gravitywell.game.R$style
com.gravitywell.game.R
com.gravitywell.game.ComposableSingletons$MainActivityKt$lambda-1$1$1$1:
    public final void invoke()
com.gravitywell.game.ComposableSingletons$MainActivityKt$lambda-1$1$2$1
com.gravitywell.game.ComposableSingletons$MainActivityKt$lambda-1$1:
    public static final void access$invoke$lambda$2(androidx.compose.runtime.MutableState,boolean)
    public final void invoke(androidx.compose.runtime.Composer,int)
com.gravitywell.game.ComposableSingletons$MainActivityKt:
    public static final com.gravitywell.game.ComposableSingletons$MainActivityKt INSTANCE
    public static kotlin.jvm.functions.Function2 getLambda-1$app_release()
com.gravitywell.game.MainActivity:
    static void <clinit>()
com.gravitywell.game.game.CatchEffect:
    static void <clinit>()
com.gravitywell.game.game.GameState:
    static void <clinit>()
com.gravitywell.game.game.GravityWell:
    static void <clinit>()
com.gravitywell.game.game.Star:
    static void <clinit>()
com.gravitywell.game.game.TargetZone:
    static void <clinit>()
...
androidx.collection.LongLongPair
androidx.collection.LongObjectMap
androidx.collection.LongObjectMapKt
androidx.collection.LongSet:
    public final boolean all(kotlin.jvm.functions.Function1)
    public final boolean any()
    public final boolean any(kotlin.jvm.functions.Function1)
    public final int count()
    public final int count(kotlin.jvm.functions.Function1)
    public final int findElementIndex$collection(long)
    public final long first()
    public final long first(kotlin.jvm.functions.Function1)
    public final void forEach(kotlin.jvm.functions.Function1)
    public final void forEachIndex(kotlin.jvm.functions.Function1)
    public static synthetic void getElements$annotations()
    public static synthetic void getMetadata$annotations()
    public final int getSize()
    public final boolean isEmpty()
    public final boolean isNotEmpty()
    public final java.lang.String joinToString()
    public final java.lang.String joinToString(java.lang.CharSequence)
    public final java.lang.String joinToString(java.lang.CharSequence,java.lang.CharSequence)
    public final java.lang.String joinToString(java.lang.CharSequence,java.lang.CharSequence,java.lang.CharSequence)
    public final java.lang.String joinToString(java.lang.CharSequence,java.lang.CharSequence,java.lang.CharSequence,int)
    public final java.lang.String joinToString(java.lang.CharSequence,java.lang.CharSequence,java.lang.CharSequence,int,java.lang.CharSequence,kotlin.jvm.functions.Function1)
androidx.collection.LongSetKt:
    public static final androidx.collection.LongSet emptyLongSet()
    public static final int hash(long)
    public static final androidx.collection.LongSet longSetOf()
    public static final androidx.collection.LongSet longSetOf(long)
    public static final androidx.collection.LongSet longSetOf(long,long)
    public static final androidx.collection.LongSet longSetOf(long,long,long)
    public static final varargs androidx.collection.LongSet longSetOf(long[])
    public static final androidx.collection.MutableLongSet mutableLongSetOf()
    public static final androidx.collection.MutableLongSet mutableLongSetOf(long)
    public static final androidx.collection.MutableLongSet mutableLongSetOf(long,long)
    public static final androidx.collection.MutableLongSet mutableLongSetOf(long,long,long)
    public static final varargs androidx.collection.MutableLongSet mutableLongSetOf(long[])
androidx.collection.LongSparseArray:
    public void <init>()
    public void append(long,java.lang.Object)
    public boolean containsValue(java.lang.Object)
    public void delete(long)
    public java.lang.Object get(long,java.lang.Object)
    public int indexOfValue(java.lang.Object)
    public void putAll(androidx.collection.LongSparseArray)
    public java.lang.Object putIfAbsent(long,java.lang.Object)
    public boolean remove(long,java.lang.Object)
    public void removeAt(int)
    public java.lang.Object replace(long,java.lang.Object)
    public boolean replace(long,java.lang.Object,java.lang.Object)
    public void setValueAt(int,java.lang.Object)
androidx.collection.LongSparseArrayKt$keyIterator$1
androidx.collection.LongSparseArrayKt$valueIterator$1